C51 COMPILER V9.54   MAIN                                                                  12/15/2023 15:33:21 PAGE 1   


C51 COMPILER V9.54, COMPILATION OF MODULE MAIN
OBJECT MODULE PLACED IN .\Objects\main.obj
COMPILER INVOKED BY: D:\keil5\C51\BIN\C51.EXE main.c OPTIMIZE(8,SPEED) BROWSE DEBUG OBJECTEXTEND PRINT(.\Listings\main.l
                    -st) TABS(2) OBJECT(.\Objects\main.obj)

line level    source

   1          #include <REGX52.H>
   2          
   3          
   4          void Delayxms(unsigned int xms)   //@11.0592MHz
   5          {
   6   1        unsigned char i, j;
   7   1        while(xms--)
   8   1        {
   9   2          i = 2;
  10   2          j = 199;
  11   2          do
  12   2          {
  13   3            while (--j);
  14   3          } while (--i);
  15   2          
  16   2        }
  17   1      
  18   1      }
  19          
  20          unsigned char LEDNum;
  21          void main()
  22          {
  23   1        P2 = 0xfe;
  24   1        while(1)
  25   1        { 
  26   2          //°´¼ü1×óÒÆ
  27   2          if(~P3_1)
  28   2          {
  29   3            Delayxms(20);
  30   3            while(~P3_1);
  31   3            Delayxms(20);
  32   3      
  33   3            LEDNum++;
  34   3            if(LEDNum >= 8)
  35   3              LEDNum = 0;
  36   3            P2 = ~(0x01 << LEDNum);
  37   3            
  38   3          }
  39   2          //°´¼ü2ÓÒÒÆ
  40   2          if(~P3_0)
  41   2          {
  42   3            Delayxms(20);
  43   3            while(~P3_0);
  44   3            Delayxms(20);
  45   3            if(LEDNum == 0)
  46   3              LEDNum = 7;
  47   3            else
  48   3              LEDNum--;
  49   3            
  50   3            P2 = ~(0x01 << LEDNum);
  51   3          }
  52   2        }
  53   1        
  54   1      }
C51 COMPILER V9.54   MAIN                                                                  12/15/2023 15:33:21 PAGE 2   



MODULE INFORMATION:   STATIC OVERLAYABLE
   CODE SIZE        =    117    ----
   CONSTANT SIZE    =   ----    ----
   XDATA SIZE       =   ----    ----
   PDATA SIZE       =   ----    ----
   DATA SIZE        =      1    ----
   IDATA SIZE       =   ----    ----
   BIT SIZE         =   ----    ----
END OF MODULE INFORMATION.


C51 COMPILATION COMPLETE.  0 WARNING(S),  0 ERROR(S)
