C51 COMPILER V9.54   MAIN                                                                  12/15/2023 15:00:25 PAGE 1   


C51 COMPILER V9.54, COMPILATION OF MODULE MAIN
OBJECT MODULE PLACED IN .\Objects\main.obj
COMPILER INVOKED BY: D:\keil5\C51\BIN\C51.EXE main.c OPTIMIZE(8,SPEED) BROWSE DEBUG OBJECTEXTEND PRINT(.\Listings\main.l
                    -st) TABS(2) OBJECT(.\Objects\main.obj)

line level    source

   1          #include <REGX52.H>
   2          
   3          //延时xms
   4          void Delayxms(unsigned int xms)   //@11.0592MHz
   5          {
   6   1        unsigned char i, j;
   7   1        while(xms--)
   8   1        {
   9   2          i = 2;
  10   2          j = 199;
  11   2          do
  12   2          {
  13   3            while (--j);
  14   3          } while (--i);
  15   2          
  16   2        }
  17   1      
  18   1      }
  19          
  20          //
  21          void binaryRightShift()
  22          {
  23   1        unsigned char LEDNum = 0; //0~255 刚好对应8个位模拟寄存器
  24   1        while(1)
  25   1        {
  26   2          
  27   2          if(~P3_1)
  28   2          {
  29   3            Delayxms(20);
  30   3            while(~P3_1);
  31   3            Delayxms(20);
  32   3            
  33   3            LEDNum++;
  34   3            P2 = ~LEDNum;
  35   3          }
  36   2        }
  37   1      }


MODULE INFORMATION:   STATIC OVERLAYABLE
   CODE SIZE        =     54    ----
   CONSTANT SIZE    =   ----    ----
   XDATA SIZE       =   ----    ----
   PDATA SIZE       =   ----    ----
   DATA SIZE        =   ----    ----
   IDATA SIZE       =   ----    ----
   BIT SIZE         =   ----    ----
END OF MODULE INFORMATION.


C51 COMPILATION COMPLETE.  0 WARNING(S),  0 ERROR(S)
