C51 COMPILER V9.54   MAIN                                                                  12/20/2023 18:57:51 PAGE 1   


C51 COMPILER V9.54, COMPILATION OF MODULE MAIN
OBJECT MODULE PLACED IN .\Objects\main.obj
COMPILER INVOKED BY: D:\keil5\C51\BIN\C51.EXE main.c OPTIMIZE(8,SPEED) BROWSE DEBUG OBJECTEXTEND PRINT(.\Listings\main.l
                    -st) TABS(2) OBJECT(.\Objects\main.obj)

line level    source

   1          #include <REGX52.H>
   2          
   3          void Delay(unsigned int xms)    //@11.0592MHz
   4          {
   5   1        unsigned char i, j;
   6   1        
   7   1        while(xms--)
   8   1        {
   9   2          i = 2;
  10   2          j = 199;
  11   2          do
  12   2          {
  13   3            while (--j);
  14   3          } while (--i);
  15   2        }
  16   1      
  17   1      }
  18          
  19          //nums[n]表示数字n
  20          unsigned int nums []  = {0x3F,0x06,0x5B,0x4F,0x66,0x6D,0x7D,0x07,0x7F,0x6F};
  21          //  第index个LED灯亮数字num
  22          void lightOn(unsigned char index,unsigned char num)
  23          {
  24   1        P2_2 = 1;
  25   1        P2_3 = 0;
  26   1        P2_4 = 0;
  27   1        switch(index)
  28   1        {
  29   2          case 1:
  30   2            P2_2 = 0;
  31   2            P2_3 = 0;
  32   2            P2_4 = 0;
  33   2            break;
  34   2          case 2:
  35   2            P2_2 = 1;
  36   2            P2_3 = 0;
  37   2            P2_4 = 0;
  38   2            break;
  39   2          case 3:
  40   2            P2_2 = 0;
  41   2            P2_3 = 1;
  42   2            P2_4 = 0;
  43   2            break;
  44   2          case 4:
  45   2            P2_2 = 1;
  46   2            P2_3 = 1;
  47   2            P2_4 = 0;
  48   2            break;
  49   2          case 5:
  50   2            P2_2 = 0;
  51   2            P2_3 = 0;
  52   2            P2_4 = 1;
  53   2            break;
  54   2          case 6:
C51 COMPILER V9.54   MAIN                                                                  12/20/2023 18:57:51 PAGE 2   

  55   2            P2_2 = 1;
  56   2            P2_3 = 0;
  57   2            P2_4 = 1;
  58   2            break;
  59   2          case 7:
  60   2            P2_2 = 0;
  61   2            P2_3 = 1;
  62   2            P2_4 = 1;
  63   2            break;
  64   2      //    case 8:
  65   2      //      P2_2 = 1;
  66   2      //      P2_3 = 1;
  67   2      //      P2_4 = 1;
  68   2      //      break;
  69   2          default:
  70   2            P2_2 = 1;
  71   2            P2_3 = 1;
  72   2            P2_4 = 1;
  73   2            break;
  74   2        }
  75   1        P0 = nums[num];
  76   1      }
  77          
  78          void main()
  79          {
  80   1        int i = 1;
  81   1        for(;i < 9;i++)
  82   1        {
  83   2          lightOn(i,i);
  84   2          Delay(1);
  85   2        }
  86   1        
  87   1      //  while(1)
  88   1      //  {
  89   1      //  
  90   1      //  }
  91   1      }


MODULE INFORMATION:   STATIC OVERLAYABLE
   CODE SIZE        =    156    ----
   CONSTANT SIZE    =   ----    ----
   XDATA SIZE       =   ----    ----
   PDATA SIZE       =   ----    ----
   DATA SIZE        =     20    ----
   IDATA SIZE       =   ----    ----
   BIT SIZE         =   ----    ----
END OF MODULE INFORMATION.


C51 COMPILATION COMPLETE.  0 WARNING(S),  0 ERROR(S)
