C51 COMPILER V9.54   DOME1                                                                 12/14/2023 21:05:56 PAGE 1   


C51 COMPILER V9.54, COMPILATION OF MODULE DOME1
OBJECT MODULE PLACED IN .\Objects\dome1.obj
COMPILER INVOKED BY: D:\keil5\C51\BIN\C51.EXE dome1.c OPTIMIZE(8,SPEED) BROWSE DEBUG OBJECTEXTEND PRINT(.\Listings\dome1
                    -.lst) TABS(2) OBJECT(.\Objects\dome1.obj)

line level    source

   1          #include <REGX52.H>
   2          
   3          
   4          void main()
   5          {
   6   1          P2 = 0xEF; //1110 1111
   7   1          
   8   1        while(1)
   9   1        {
  10   2        
  11   2        }
  12   1      }


MODULE INFORMATION:   STATIC OVERLAYABLE
   CODE SIZE        =      5    ----
   CONSTANT SIZE    =   ----    ----
   XDATA SIZE       =   ----    ----
   PDATA SIZE       =   ----    ----
   DATA SIZE        =   ----    ----
   IDATA SIZE       =   ----    ----
   BIT SIZE         =   ----    ----
END OF MODULE INFORMATION.


C51 COMPILATION COMPLETE.  0 WARNING(S),  0 ERROR(S)
