C51 COMPILER V9.54   MAIN                                                                  12/14/2023 21:02:42 PAGE 1   


C51 COMPILER V9.54, COMPILATION OF MODULE MAIN
OBJECT MODULE PLACED IN .\Objects\main.obj
COMPILER INVOKED BY: D:\keil5\C51\BIN\C51.EXE main.c OPTIMIZE(8,SPEED) BROWSE DEBUG OBJECTEXTEND PRINT(.\Listings\main.l
                    -st) TABS(2) OBJECT(.\Objects\main.obj)

line level    source

   1          #include <REGX52.H>
   2          
   3          void Delay1ms(unsigned int ms)    //@11.0592MHz
   4          {
   5   1        unsigned char i, j;
   6   1      
   7   1        while(ms)
   8   1        {
   9   2          i = 2;
  10   2          j = 199;
  11   2          do
  12   2          {
  13   3            while (--j);
  14   3          } while (--i);
  15   2          ms--;
  16   2        }
  17   1        
  18   1      }
  19          
  20          
  21          void main()
  22          {
  23   1        while(1)
  24   1        {
  25   2          P2 = 0xfe;  //1111 1110
  26   2          Delay1ms(1000);
  27   2          P2 = 0xfd;  //1111 1101
  28   2          Delay1ms(500);
  29   2          P2 = 0xfb;  //1111 1011
  30   2          Delay1ms(500);
  31   2          P2 = 0xf7;  //1111 0111
  32   2          Delay1ms(100);
  33   2          P2 = 0xef;  //1110 1111
  34   2          Delay1ms(100);
  35   2          P2 = 0xdf;  //1101 1111
  36   2          Delay1ms(100);
  37   2          P2 = 0xbf;  //1011 1111
  38   2          Delay1ms(100);
  39   2          P2 = 0x7f;  //0111 1111
  40   2          Delay1ms(100);
  41   2        }
  42   1      
  43   1      }


MODULE INFORMATION:   STATIC OVERLAYABLE
   CODE SIZE        =     86    ----
   CONSTANT SIZE    =   ----    ----
   XDATA SIZE       =   ----    ----
   PDATA SIZE       =   ----    ----
   DATA SIZE        =   ----    ----
   IDATA SIZE       =   ----    ----
   BIT SIZE         =   ----    ----
END OF MODULE INFORMATION.

C51 COMPILER V9.54   MAIN                                                                  12/14/2023 21:02:42 PAGE 2   


C51 COMPILATION COMPLETE.  0 WARNING(S),  0 ERROR(S)
