C51 COMPILER V9.54   MAIN                                                                  12/15/2023 12:33:37 PAGE 1   


C51 COMPILER V9.54, COMPILATION OF MODULE MAIN
OBJECT MODULE PLACED IN .\Objects\main.obj
COMPILER INVOKED BY: D:\keil5\C51\BIN\C51.EXE main.c OPTIMIZE(8,SPEED) BROWSE DEBUG OBJECTEXTEND PRINT(.\Listings\main.l
                    -st) TABS(2) OBJECT(.\Objects\main.obj)

line level    source

   1          #include <REGX52.H>
   2          
   3          //x毫秒
   4          void Delayxms(unsigned int xms)   //@11.0592MHz
   5          {
   6   1        unsigned char i, j;
   7   1      
   8   1        while(xms)
   9   1        {
  10   2          i = 2;
  11   2          j = 199;
  12   2          do
  13   2          {
  14   3            while (--j);
  15   3          } while (--i);
  16   2          xms--;
  17   2        }
  18   1        
  19   1      }
  20          
  21          //第一个按钮控制第一个LED灯
  22          void light1()
  23          {
  24   1        while(1)
  25   1          {
  26   2            if(P3_1 == 0)
  27   2            {
  28   3              P2_0 = 0;
  29   3            }
  30   2            else 
  31   2            {
  32   3              P2_0 = 1;
  33   3            }
  34   2          }
  35   1      }
  36          
  37          //第1、2个按钮控制第1、2个LED灯
  38          /*
  39          void light2()
  40          {
  41            while(1)
  42            {
  43              if(P3_1 == 0)
  44              {
  45                P2_0 = 0;
  46                P2_1 = 0;
  47              }
  48              else 
  49              {
  50                P2_0 = 1;
  51                P2_1 = 1;
  52              }
  53            }
  54          }
C51 COMPILER V9.54   MAIN                                                                  12/15/2023 12:33:37 PAGE 2   

  55          */
  56          
  57          //防止按键的抖动
  58          void light3()
  59          {
  60   1        while(1)
  61   1        {
  62   2          if(P3_1 == 0)
  63   2          {
  64   3            Delayxms(20); //等待电压平稳，防止抖动
  65   3            while(P3_1 == 0); //等待松开按钮
  66   3            Delayxms(20); //再次等待电压平稳
  67   3            
  68   3            P2_0 = ~P2_0;
  69   3          }
  70   2        }
  71   1      }
  72          
  73          void main()
  74          {
  75   1        //light1();
  76   1        //light2();
  77   1        light3();
  78   1      }


MODULE INFORMATION:   STATIC OVERLAYABLE
   CODE SIZE        =     58    ----
   CONSTANT SIZE    =   ----    ----
   XDATA SIZE       =   ----    ----
   PDATA SIZE       =   ----    ----
   DATA SIZE        =   ----    ----
   IDATA SIZE       =   ----    ----
   BIT SIZE         =   ----    ----
END OF MODULE INFORMATION.


C51 COMPILATION COMPLETE.  0 WARNING(S),  0 ERROR(S)
