C51 COMPILER V9.54   LIGHTON                                                               12/25/2023 18:40:25 PAGE 1   


C51 COMPILER V9.54, COMPILATION OF MODULE LIGHTON
OBJECT MODULE PLACED IN .\Objects\lightOn.obj
COMPILER INVOKED BY: D:\keil5\C51\BIN\C51.EXE lightOn.c OPTIMIZE(8,SPEED) BROWSE DEBUG OBJECTEXTEND PRINT(.\Listings\lig
                    -htOn.lst) TABS(2) OBJECT(.\Objects\lightOn.obj)

line level    source

   1          #include <REGX52.H>
   2          
   3          
   4          //nums[n]????n
   5          unsigned int nums []  = {0x3F,0x06,0x5B,0x4F,0x66,0x6D,0x7D,0x07,0x7F,0x6F};
   6          //  ?index?LED????num
   7          void lightOn(unsigned char index,unsigned char num)
   8          {
   9   1        P2_2 = 1;
  10   1        P2_3 = 0;
  11   1        P2_4 = 0;
  12   1        switch(index)
  13   1        {
  14   2          case 1:
  15   2            P2_2 = 0;
  16   2            P2_3 = 0;
  17   2            P2_4 = 0;
  18   2            break;
  19   2          case 2:
  20   2            P2_2 = 1;
  21   2            P2_3 = 0;
  22   2            P2_4 = 0;
  23   2            break;
  24   2          case 3:
  25   2            P2_2 = 0;
  26   2            P2_3 = 1;
  27   2            P2_4 = 0;
  28   2            break;
  29   2          case 4:
  30   2            P2_2 = 1;
  31   2            P2_3 = 1;
  32   2            P2_4 = 0;
  33   2            break;
  34   2          case 5:
  35   2            P2_2 = 0;
  36   2            P2_3 = 0;
  37   2            P2_4 = 1;
  38   2            break;
  39   2          case 6:
  40   2            P2_2 = 1;
  41   2            P2_3 = 0;
  42   2            P2_4 = 1;
  43   2            break;
  44   2          case 7:
  45   2            P2_2 = 0;
  46   2            P2_3 = 1;
  47   2            P2_4 = 1;
  48   2            break;
  49   2      //    case 8:
  50   2      //      P2_2 = 1;
  51   2      //      P2_3 = 1;
  52   2      //      P2_4 = 1;
  53   2      //      break;
  54   2          default:
C51 COMPILER V9.54   LIGHTON                                                               12/25/2023 18:40:25 PAGE 2   

  55   2            P2_2 = 1;
  56   2            P2_3 = 1;
  57   2            P2_4 = 1;
  58   2            break;
  59   2        }
  60   1        P0 = nums[num];
  61   1      }


MODULE INFORMATION:   STATIC OVERLAYABLE
   CODE SIZE        =    105    ----
   CONSTANT SIZE    =   ----    ----
   XDATA SIZE       =   ----    ----
   PDATA SIZE       =   ----    ----
   DATA SIZE        =     20    ----
   IDATA SIZE       =   ----    ----
   BIT SIZE         =   ----    ----
END OF MODULE INFORMATION.


C51 COMPILATION COMPLETE.  0 WARNING(S),  0 ERROR(S)
