C51 COMPILER V9.54   MAIN                                                                  12/25/2023 18:43:07 PAGE 1   


C51 COMPILER V9.54, COMPILATION OF MODULE MAIN
OBJECT MODULE PLACED IN .\Objects\main.obj
COMPILER INVOKED BY: D:\keil5\C51\BIN\C51.EXE main.c OPTIMIZE(8,SPEED) BROWSE DEBUG OBJECTEXTEND PRINT(.\Listings\main.l
                    -st) TABS(2) OBJECT(.\Objects\main.obj)

line level    source

   1          #include "Delay.h"
   2          #include "lightOn.h"
   3          
   4          
   5          
   6          
   7          void main()
   8          {
   9   1        int i = 1;
  10   1        for(;i < 9;i++)
  11   1        {
  12   2          lightOn(i,i);
  13   2          Delay(100);
  14   2        }
  15   1        
  16   1      //  while(1)
  17   1      //  {
  18   1      //  
  19   1      //  }
  20   1      }


MODULE INFORMATION:   STATIC OVERLAYABLE
   CODE SIZE        =     40    ----
   CONSTANT SIZE    =   ----    ----
   XDATA SIZE       =   ----    ----
   PDATA SIZE       =   ----    ----
   DATA SIZE        =   ----       2
   IDATA SIZE       =   ----    ----
   BIT SIZE         =   ----    ----
END OF MODULE INFORMATION.


C51 COMPILATION COMPLETE.  0 WARNING(S),  0 ERROR(S)
